
Jupyter server is running on: cs241.hpc.nyu.edu
Job starts at: Wed Apr 24 06:48:16 AM EDT 2024

Step 1 :

If you are working in NYU campus, please open an iTerm window, run command

ssh -L 51028:localhost:51028 dh3553@greene.hpc.nyu.edu

If you are working off campus, you should already have ssh tunneling setup through HPC bastion host, 
that you can directly login to greene with command

ssh dh3553@greene

Please open an iTerm window, run command

ssh -L 51028:localhost:51028 dh3553@greene

Step 2:

Keep the iTerm windows in the previouse step open. Now open browser, find the line with

The Jupyter Notebook is running at: cs241.hpc.nyu.edu

the URL is something: http://localhost:51028/?token=XXXXXXXX (see your token below)

you should be able to connect to jupyter notebook running remotly on greene compute node with above url

usage: jupyter [-h] [--version] [--config-dir] [--data-dir] [--runtime-dir]
               [--paths] [--json] [--debug]
               [subcommand]

Jupyter: Interactive Computing

positional arguments:
  subcommand     the subcommand to launch

optional arguments:
  -h, --help     show this help message and exit
  --version      show the versions of core jupyter packages and exit
  --config-dir   show Jupyter config dir
  --data-dir     show Jupyter data dir
  --runtime-dir  show Jupyter runtime dir
  --paths        show all Jupyter paths. Add --json for machine-readable
                 format.
  --json         output paths as machine-readable json
  --debug        output debug information about paths

Available subcommands: dejavu events execute kernel kernelspec lab
labextension labhub migrate nbconvert run server troubleshoot trust

Jupyter command `jupyter-notebook` not found.
